2017-04-06 17:58:09.302  INFO 15076 --- [main] c.a.mssetup.config.SpringConfigServer    : The following profiles are active: subversion,dev
2017-04-06 17:58:09.326  INFO 15076 --- [main] ationConfigEmbeddedWebApplicationContext : Refreshing org.springframework.boot.context.embedded.AnnotationConfigEmbeddedWebApplicationContext@6273c5a4: startup date [Thu Apr 06 17:58:09 CDT 2017]; parent: org.springframework.context.annotation.AnnotationConfigApplicationContext@31e5415e
2017-04-06 17:58:11.109  WARN 15076 --- [main] o.s.c.a.ConfigurationClassPostProcessor  : Cannot enhance @Configuration bean definition 'refreshScope' since its singleton instance has been created too early. The typical cause is a non-static @Bean method with a BeanDefinitionRegistryPostProcessor return type: Consider declaring such methods as 'static'.
2017-04-06 17:58:11.335  INFO 15076 --- [main] o.s.cloud.context.scope.GenericScope     : BeanFactory id=93364c85-d702-3e5c-a66c-a2680fc5d752
2017-04-06 17:58:11.434  INFO 15076 --- [main] trationDelegate$BeanPostProcessorChecker : Bean 'org.springframework.cloud.autoconfigure.ConfigurationPropertiesRebinderAutoConfiguration' of type [org.springframework.cloud.autoconfigure.ConfigurationPropertiesRebinderAutoConfiguration$$EnhancerBySpringCGLIB$$520bb9ca] is not eligible for getting processed by all BeanPostProcessors (for example: not eligible for auto-proxying)
2017-04-06 17:58:12.623  INFO 15076 --- [main] s.b.c.e.t.TomcatEmbeddedServletContainer : Tomcat initialized with port(s): 8000 (http)
2017-04-06 17:58:12.669  INFO 15076 --- [main] o.apache.catalina.core.StandardService   : Starting service Tomcat
2017-04-06 17:58:12.672  INFO 15076 --- [main] org.apache.catalina.core.StandardEngine  : Starting Servlet Engine: Apache Tomcat/8.5.11
2017-04-06 17:58:13.294  INFO 15076 --- [localhost-startStop-1] o.a.c.c.C.[.[.[/config-server]           : Initializing Spring embedded WebApplicationContext
2017-04-06 17:58:13.295  INFO 15076 --- [localhost-startStop-1] o.s.web.context.ContextLoader            : Root WebApplicationContext: initialization completed in 3969 ms
2017-04-06 17:58:14.319  INFO 15076 --- [localhost-startStop-1] o.s.b.w.servlet.ServletRegistrationBean  : Mapping servlet: 'dispatcherServlet' to [/]
2017-04-06 17:58:14.329  INFO 15076 --- [localhost-startStop-1] o.s.b.w.servlet.FilterRegistrationBean   : Mapping filter: 'metricsFilter' to: [/*]
2017-04-06 17:58:14.330  INFO 15076 --- [localhost-startStop-1] o.s.b.w.servlet.FilterRegistrationBean   : Mapping filter: 'characterEncodingFilter' to: [/*]
2017-04-06 17:58:14.331  INFO 15076 --- [localhost-startStop-1] o.s.b.w.servlet.FilterRegistrationBean   : Mapping filter: 'hiddenHttpMethodFilter' to: [/*]
2017-04-06 17:58:14.331  INFO 15076 --- [localhost-startStop-1] o.s.b.w.servlet.FilterRegistrationBean   : Mapping filter: 'httpPutFormContentFilter' to: [/*]
2017-04-06 17:58:14.332  INFO 15076 --- [localhost-startStop-1] o.s.b.w.servlet.FilterRegistrationBean   : Mapping filter: 'requestContextFilter' to: [/*]
2017-04-06 17:58:14.333  INFO 15076 --- [localhost-startStop-1] o.s.b.w.servlet.FilterRegistrationBean   : Mapping filter: 'webRequestLoggingFilter' to: [/*]
2017-04-06 17:58:14.333  INFO 15076 --- [localhost-startStop-1] o.s.b.w.servlet.FilterRegistrationBean   : Mapping filter: 'applicationContextIdFilter' to: [/*]
2017-04-06 17:58:15.196  INFO 15076 --- [main] s.w.s.m.m.a.RequestMappingHandlerAdapter : Looking for @ControllerAdvice: org.springframework.boot.context.embedded.AnnotationConfigEmbeddedWebApplicationContext@6273c5a4: startup date [Thu Apr 06 17:58:09 CDT 2017]; parent: org.springframework.context.annotation.AnnotationConfigApplicationContext@31e5415e
2017-04-06 17:58:15.334  INFO 15076 --- [main] s.w.s.m.m.a.RequestMappingHandlerMapping : Mapped "{[/error]}" onto public org.springframework.http.ResponseEntity<java.util.Map<java.lang.String, java.lang.Object>> org.springframework.boot.autoconfigure.web.BasicErrorController.error(javax.servlet.http.HttpServletRequest)
2017-04-06 17:58:15.335  INFO 15076 --- [main] s.w.s.m.m.a.RequestMappingHandlerMapping : Mapped "{[/error],produces=[text/html]}" onto public org.springframework.web.servlet.ModelAndView org.springframework.boot.autoconfigure.web.BasicErrorController.errorHtml(javax.servlet.http.HttpServletRequest,javax.servlet.http.HttpServletResponse)
2017-04-06 17:58:15.344  INFO 15076 --- [main] s.w.s.m.m.a.RequestMappingHandlerMapping : Mapped "{[/encrypt],methods=[POST]}" onto public java.lang.String org.springframework.cloud.config.server.encryption.EncryptionController.encrypt(java.lang.String,org.springframework.http.MediaType)
2017-04-06 17:58:15.345  INFO 15076 --- [main] s.w.s.m.m.a.RequestMappingHandlerMapping : Mapped "{[/encrypt/{name}/{profiles}],methods=[POST]}" onto public java.lang.String org.springframework.cloud.config.server.encryption.EncryptionController.encrypt(java.lang.String,java.lang.String,java.lang.String,org.springframework.http.MediaType)
2017-04-06 17:58:15.345  INFO 15076 --- [main] s.w.s.m.m.a.RequestMappingHandlerMapping : Mapped "{[/decrypt/{name}/{profiles}],methods=[POST]}" onto public java.lang.String org.springframework.cloud.config.server.encryption.EncryptionController.decrypt(java.lang.String,java.lang.String,java.lang.String,org.springframework.http.MediaType)
2017-04-06 17:58:15.346  INFO 15076 --- [main] s.w.s.m.m.a.RequestMappingHandlerMapping : Mapped "{[/decrypt],methods=[POST]}" onto public java.lang.String org.springframework.cloud.config.server.encryption.EncryptionController.decrypt(java.lang.String,org.springframework.http.MediaType)
2017-04-06 17:58:15.347  INFO 15076 --- [main] s.w.s.m.m.a.RequestMappingHandlerMapping : Mapped "{[/encrypt/status],methods=[GET]}" onto public java.util.Map<java.lang.String, java.lang.Object> org.springframework.cloud.config.server.encryption.EncryptionController.status()
2017-04-06 17:58:15.347  INFO 15076 --- [main] s.w.s.m.m.a.RequestMappingHandlerMapping : Mapped "{[/key],methods=[GET]}" onto public java.lang.String org.springframework.cloud.config.server.encryption.EncryptionController.getPublicKey()
2017-04-06 17:58:15.347  INFO 15076 --- [main] s.w.s.m.m.a.RequestMappingHandlerMapping : Mapped "{[/key/{name}/{profiles}],methods=[GET]}" onto public java.lang.String org.springframework.cloud.config.server.encryption.EncryptionController.getPublicKey(java.lang.String,java.lang.String)
2017-04-06 17:58:15.366  INFO 15076 --- [main] s.w.s.m.m.a.RequestMappingHandlerMapping : Mapped "{[/{name}-{profiles}.properties],methods=[GET]}" onto public org.springframework.http.ResponseEntity<java.lang.String> org.springframework.cloud.config.server.environment.EnvironmentController.properties(java.lang.String,java.lang.String,boolean) throws java.io.IOException
2017-04-06 17:58:15.366  INFO 15076 --- [main] s.w.s.m.m.a.RequestMappingHandlerMapping : Mapped "{[/{name}-{profiles}.yml || /{name}-{profiles}.yaml],methods=[GET]}" onto public org.springframework.http.ResponseEntity<java.lang.String> org.springframework.cloud.config.server.environment.EnvironmentController.yaml(java.lang.String,java.lang.String,boolean) throws java.lang.Exception
2017-04-06 17:58:15.367  INFO 15076 --- [main] s.w.s.m.m.a.RequestMappingHandlerMapping : Mapped "{[/{name}/{profiles:.*[^-].*}],methods=[GET]}" onto public org.springframework.cloud.config.environment.Environment org.springframework.cloud.config.server.environment.EnvironmentController.defaultLabel(java.lang.String,java.lang.String)
2017-04-06 17:58:15.367  INFO 15076 --- [main] s.w.s.m.m.a.RequestMappingHandlerMapping : Mapped "{[/{name}-{profiles}.json],methods=[GET]}" onto public org.springframework.http.ResponseEntity<java.lang.String> org.springframework.cloud.config.server.environment.EnvironmentController.jsonProperties(java.lang.String,java.lang.String,boolean) throws java.lang.Exception
2017-04-06 17:58:15.368  INFO 15076 --- [main] s.w.s.m.m.a.RequestMappingHandlerMapping : Mapped "{[/{label}/{name}-{profiles}.yml || /{label}/{name}-{profiles}.yaml],methods=[GET]}" onto public org.springframework.http.ResponseEntity<java.lang.String> org.springframework.cloud.config.server.environment.EnvironmentController.labelledYaml(java.lang.String,java.lang.String,java.lang.String,boolean) throws java.lang.Exception
2017-04-06 17:58:15.369  INFO 15076 --- [main] s.w.s.m.m.a.RequestMappingHandlerMapping : Mapped "{[/{name}/{profiles}/{label:.*}],methods=[GET]}" onto public org.springframework.cloud.config.environment.Environment org.springframework.cloud.config.server.environment.EnvironmentController.labelled(java.lang.String,java.lang.String,java.lang.String)
2017-04-06 17:58:15.369  INFO 15076 --- [main] s.w.s.m.m.a.RequestMappingHandlerMapping : Mapped "{[/{label}/{name}-{profiles}.properties],methods=[GET]}" onto public org.springframework.http.ResponseEntity<java.lang.String> org.springframework.cloud.config.server.environment.EnvironmentController.labelledProperties(java.lang.String,java.lang.String,java.lang.String,boolean) throws java.io.IOException
2017-04-06 17:58:15.370  INFO 15076 --- [main] s.w.s.m.m.a.RequestMappingHandlerMapping : Mapped "{[/{label}/{name}-{profiles}.json],methods=[GET]}" onto public org.springframework.http.ResponseEntity<java.lang.String> org.springframework.cloud.config.server.environment.EnvironmentController.labelledJsonProperties(java.lang.String,java.lang.String,java.lang.String,boolean) throws java.lang.Exception
2017-04-06 17:58:15.375  INFO 15076 --- [main] s.w.s.m.m.a.RequestMappingHandlerMapping : Mapped "{[/{name}/{profile}/{label}/**],methods=[GET]}" onto public java.lang.String org.springframework.cloud.config.server.resource.ResourceController.resolve(java.lang.String,java.lang.String,java.lang.String,javax.servlet.http.HttpServletRequest) throws java.io.IOException
2017-04-06 17:58:15.376  INFO 15076 --- [main] s.w.s.m.m.a.RequestMappingHandlerMapping : Mapped "{[/{name}/{profile}/{label}/**],methods=[GET],produces=[application/octet-stream]}" onto public synchronized byte[] org.springframework.cloud.config.server.resource.ResourceController.binary(java.lang.String,java.lang.String,java.lang.String,javax.servlet.http.HttpServletRequest) throws java.io.IOException
2017-04-06 17:58:15.437  INFO 15076 --- [main] o.s.w.s.handler.SimpleUrlHandlerMapping  : Mapped URL path [/webjars/**] onto handler of type [class org.springframework.web.servlet.resource.ResourceHttpRequestHandler]
2017-04-06 17:58:15.438  INFO 15076 --- [main] o.s.w.s.handler.SimpleUrlHandlerMapping  : Mapped URL path [/**] onto handler of type [class org.springframework.web.servlet.resource.ResourceHttpRequestHandler]
2017-04-06 17:58:15.552  INFO 15076 --- [main] o.s.w.s.handler.SimpleUrlHandlerMapping  : Mapped URL path [/**/favicon.ico] onto handler of type [class org.springframework.web.servlet.resource.ResourceHttpRequestHandler]
2017-04-06 17:58:16.532  INFO 15076 --- [main] o.s.b.a.e.mvc.EndpointHandlerMapping     : Mapped "{[/env],methods=[POST]}" onto public java.lang.Object org.springframework.cloud.context.environment.EnvironmentManagerMvcEndpoint.value(java.util.Map<java.lang.String, java.lang.String>)
2017-04-06 17:58:16.533  INFO 15076 --- [main] o.s.b.a.e.mvc.EndpointHandlerMapping     : Mapped "{[/env/reset],methods=[POST]}" onto public java.util.Map<java.lang.String, java.lang.Object> org.springframework.cloud.context.environment.EnvironmentManagerMvcEndpoint.reset()
2017-04-06 17:58:16.534  INFO 15076 --- [main] o.s.b.a.e.mvc.EndpointHandlerMapping     : Mapped "{[/refresh || /refresh.json],methods=[POST]}" onto public java.lang.Object org.springframework.cloud.endpoint.GenericPostableMvcEndpoint.invoke()
2017-04-06 17:58:16.536  INFO 15076 --- [main] o.s.b.a.e.mvc.EndpointHandlerMapping     : Mapped "{[/resume || /resume.json],methods=[POST]}" onto public java.lang.Object org.springframework.cloud.endpoint.GenericPostableMvcEndpoint.invoke()
2017-04-06 17:58:16.537  INFO 15076 --- [main] o.s.b.a.e.mvc.EndpointHandlerMapping     : Mapped "{[/logfile || /logfile.json],methods=[GET || HEAD]}" onto public void org.springframework.boot.actuate.endpoint.mvc.LogFileMvcEndpoint.invoke(javax.servlet.http.HttpServletRequest,javax.servlet.http.HttpServletResponse) throws javax.servlet.ServletException,java.io.IOException
2017-04-06 17:58:16.541  INFO 15076 --- [main] o.s.b.a.e.mvc.EndpointHandlerMapping     : Mapped "{[/info || /info.json],methods=[GET],produces=[application/json]}" onto public java.lang.Object org.springframework.boot.actuate.endpoint.mvc.EndpointMvcAdapter.invoke()
2017-04-06 17:58:16.542  INFO 15076 --- [main] o.s.b.a.e.mvc.EndpointHandlerMapping     : Mapped "{[/env/{name:.*}],methods=[GET],produces=[application/json]}" onto public java.lang.Object org.springframework.boot.actuate.endpoint.mvc.EnvironmentMvcEndpoint.value(java.lang.String)
2017-04-06 17:58:16.543  INFO 15076 --- [main] o.s.b.a.e.mvc.EndpointHandlerMapping     : Mapped "{[/env || /env.json],methods=[GET],produces=[application/json]}" onto public java.lang.Object org.springframework.boot.actuate.endpoint.mvc.EndpointMvcAdapter.invoke()
2017-04-06 17:58:16.544  INFO 15076 --- [main] o.s.b.a.e.mvc.EndpointHandlerMapping     : Mapped "{[/heapdump || /heapdump.json],methods=[GET],produces=[application/octet-stream]}" onto public void org.springframework.boot.actuate.endpoint.mvc.HeapdumpMvcEndpoint.invoke(boolean,javax.servlet.http.HttpServletRequest,javax.servlet.http.HttpServletResponse) throws java.io.IOException,javax.servlet.ServletException
2017-04-06 17:58:16.545  INFO 15076 --- [main] o.s.b.a.e.mvc.EndpointHandlerMapping     : Mapped "{[/mappings || /mappings.json],methods=[GET],produces=[application/json]}" onto public java.lang.Object org.springframework.boot.actuate.endpoint.mvc.EndpointMvcAdapter.invoke()
2017-04-06 17:58:16.546  INFO 15076 --- [main] o.s.b.a.e.mvc.EndpointHandlerMapping     : Mapped "{[/autoconfig || /autoconfig.json],methods=[GET],produces=[application/json]}" onto public java.lang.Object org.springframework.boot.actuate.endpoint.mvc.EndpointMvcAdapter.invoke()
2017-04-06 17:58:16.547  INFO 15076 --- [main] o.s.b.a.e.mvc.EndpointHandlerMapping     : Mapped "{[/restart || /restart.json],methods=[POST]}" onto public java.lang.Object org.springframework.cloud.context.restart.RestartMvcEndpoint.invoke()
2017-04-06 17:58:16.548  INFO 15076 --- [main] o.s.b.a.e.mvc.EndpointHandlerMapping     : Mapped "{[/trace || /trace.json],methods=[GET],produces=[application/json]}" onto public java.lang.Object org.springframework.boot.actuate.endpoint.mvc.EndpointMvcAdapter.invoke()
2017-04-06 17:58:16.549  INFO 15076 --- [main] o.s.b.a.e.mvc.EndpointHandlerMapping     : Mapped "{[/configprops || /configprops.json],methods=[GET],produces=[application/json]}" onto public java.lang.Object org.springframework.boot.actuate.endpoint.mvc.EndpointMvcAdapter.invoke()
2017-04-06 17:58:16.550  INFO 15076 --- [main] o.s.b.a.e.mvc.EndpointHandlerMapping     : Mapped "{[/health || /health.json],produces=[application/json]}" onto public java.lang.Object org.springframework.boot.actuate.endpoint.mvc.HealthMvcEndpoint.invoke(java.security.Principal)
2017-04-06 17:58:16.551  INFO 15076 --- [main] o.s.b.a.e.mvc.EndpointHandlerMapping     : Mapped "{[/dump || /dump.json],methods=[GET],produces=[application/json]}" onto public java.lang.Object org.springframework.boot.actuate.endpoint.mvc.EndpointMvcAdapter.invoke()
2017-04-06 17:58:16.557  INFO 15076 --- [main] o.s.b.a.e.mvc.EndpointHandlerMapping     : Mapped "{[/metrics/{name:.*}],methods=[GET],produces=[application/json]}" onto public java.lang.Object org.springframework.boot.actuate.endpoint.mvc.MetricsMvcEndpoint.value(java.lang.String)
2017-04-06 17:58:16.557  INFO 15076 --- [main] o.s.b.a.e.mvc.EndpointHandlerMapping     : Mapped "{[/metrics || /metrics.json],methods=[GET],produces=[application/json]}" onto public java.lang.Object org.springframework.boot.actuate.endpoint.mvc.EndpointMvcAdapter.invoke()
2017-04-06 17:58:16.558  INFO 15076 --- [main] o.s.b.a.e.mvc.EndpointHandlerMapping     : Mapped "{[/pause || /pause.json],methods=[POST]}" onto public java.lang.Object org.springframework.cloud.endpoint.GenericPostableMvcEndpoint.invoke()
2017-04-06 17:58:16.559  INFO 15076 --- [main] o.s.b.a.e.mvc.EndpointHandlerMapping     : Mapped "{[/beans || /beans.json],methods=[GET],produces=[application/json]}" onto public java.lang.Object org.springframework.boot.actuate.endpoint.mvc.EndpointMvcAdapter.invoke()
2017-04-06 17:58:16.945  INFO 15076 --- [main] o.s.j.e.a.AnnotationMBeanExporter        : Registering beans for JMX exposure on startup
2017-04-06 17:58:16.959  INFO 15076 --- [main] o.s.j.e.a.AnnotationMBeanExporter        : Bean with name 'configurationPropertiesRebinder' has been autodetected for JMX exposure
2017-04-06 17:58:16.960  INFO 15076 --- [main] o.s.j.e.a.AnnotationMBeanExporter        : Bean with name 'refreshEndpoint' has been autodetected for JMX exposure
2017-04-06 17:58:16.962  INFO 15076 --- [main] o.s.j.e.a.AnnotationMBeanExporter        : Bean with name 'restartEndpoint' has been autodetected for JMX exposure
2017-04-06 17:58:16.963  INFO 15076 --- [main] o.s.j.e.a.AnnotationMBeanExporter        : Bean with name 'refreshScope' has been autodetected for JMX exposure
2017-04-06 17:58:16.964  INFO 15076 --- [main] o.s.j.e.a.AnnotationMBeanExporter        : Bean with name 'environmentManager' has been autodetected for JMX exposure
2017-04-06 17:58:16.970  INFO 15076 --- [main] o.s.j.e.a.AnnotationMBeanExporter        : Located managed bean 'environmentManager': registering with JMX server as MBean [org.springframework.cloud.context.environment:name=environmentManager,type=EnvironmentManager]
2017-04-06 17:58:17.008  INFO 15076 --- [main] o.s.j.e.a.AnnotationMBeanExporter        : Located managed bean 'restartEndpoint': registering with JMX server as MBean [org.springframework.cloud.context.restart:name=restartEndpoint,type=RestartEndpoint]
2017-04-06 17:58:17.025  INFO 15076 --- [main] o.s.j.e.a.AnnotationMBeanExporter        : Located managed bean 'refreshScope': registering with JMX server as MBean [org.springframework.cloud.context.scope.refresh:name=refreshScope,type=RefreshScope]
2017-04-06 17:58:17.041  INFO 15076 --- [main] o.s.j.e.a.AnnotationMBeanExporter        : Located managed bean 'configurationPropertiesRebinder': registering with JMX server as MBean [org.springframework.cloud.context.properties:name=configurationPropertiesRebinder,context=6273c5a4,type=ConfigurationPropertiesRebinder]
2017-04-06 17:58:17.051  INFO 15076 --- [main] o.s.j.e.a.AnnotationMBeanExporter        : Located managed bean 'refreshEndpoint': registering with JMX server as MBean [org.springframework.cloud.endpoint:name=refreshEndpoint,type=RefreshEndpoint]
2017-04-06 17:58:17.196  INFO 15076 --- [main] o.s.c.support.DefaultLifecycleProcessor  : Starting beans in phase 0
2017-04-06 17:58:17.459  INFO 15076 --- [main] s.b.c.e.t.TomcatEmbeddedServletContainer : Tomcat started on port(s): 8000 (http)
2017-04-06 17:58:17.465  INFO 15076 --- [main] c.a.mssetup.config.SpringConfigServer    : Started SpringConfigServer in 15.222 seconds (JVM running for 17.134)
2017-04-06 21:56:39.456  INFO 15076 --- [http-nio-8000-exec-2] o.a.c.c.C.[.[.[/config-server]           : Initializing Spring FrameworkServlet 'dispatcherServlet'
2017-04-06 21:56:39.457  INFO 15076 --- [http-nio-8000-exec-2] o.s.web.servlet.DispatcherServlet        : FrameworkServlet 'dispatcherServlet': initialization started
2017-04-06 21:56:39.870  INFO 15076 --- [http-nio-8000-exec-2] o.s.web.servlet.DispatcherServlet        : FrameworkServlet 'dispatcherServlet': initialization completed in 413 ms
